[debug] [2023-05-02T15:13:50.556Z] ----------------------------------------------------------------------
[debug] [2023-05-02T15:13:50.558Z] Command:       C:\Program Files\nodejs\node.exe C:\Users\thair\AppData\Roaming\npm\node_modules\firebase-tools\lib\bin\firebase.js init
[debug] [2023-05-02T15:13:50.559Z] CLI Version:   11.29.1
[debug] [2023-05-02T15:13:50.559Z] Platform:      win32
[debug] [2023-05-02T15:13:50.559Z] Node Version:  v18.12.1
[debug] [2023-05-02T15:13:50.560Z] Time:          Tue May 02 2023 22:13:50 GMT+0700 (Indochina Time)
[debug] [2023-05-02T15:13:50.560Z] ----------------------------------------------------------------------
[debug] 
[debug] [2023-05-02T15:13:50.564Z] >>> [apiv2][query] GET https://firebase-public.firebaseio.com/cli.json [none]
[debug] [2023-05-02T15:13:50.699Z] > command requires scopes: ["email","openid","https://www.googleapis.com/auth/cloudplatformprojects.readonly","https://www.googleapis.com/auth/firebase","https://www.googleapis.com/auth/cloud-platform"]
[debug] [2023-05-02T15:13:50.699Z] > authorizing via signed-in user (thaittn01@gmail.com)
[info] 
     ######## #### ########  ######## ########     ###     ######  ########
     ##        ##  ##     ## ##       ##     ##  ##   ##  ##       ##
     ######    ##  ########  ######   ########  #########  ######  ######
     ##        ##  ##    ##  ##       ##     ## ##     ##       ## ##
     ##       #### ##     ## ######## ########  ##     ##  ######  ########

You're about to initialize a Firebase project in this directory:

  D:\reactjs\blogging

Before we get started, keep in mind:

  * You are initializing within an existing Firebase project directory

[debug] [2023-05-02T15:13:51.326Z] <<< [apiv2][status] GET https://firebase-public.firebaseio.com/cli.json 200
[debug] [2023-05-02T15:13:51.326Z] <<< [apiv2][body] GET https://firebase-public.firebaseio.com/cli.json {"cloudBuildErrorAfter":1594252800000,"cloudBuildWarnAfter":1590019200000,"defaultNode10After":1594252800000,"minVersion":"3.0.5","node8DeploysDisabledAfter":1613390400000,"node8RuntimeDisabledAfter":1615809600000,"node8WarnAfter":1600128000000}
[info] 
=== Project Setup
[info] 
[info] First, let's associate this project directory with a Firebase project.
[info] You can create multiple project aliases by running firebase use --add, 
[info] but for now we'll just set up a default project.
[info] 
[debug] [2023-05-02T15:14:55.044Z] Using project from CLI flag: my-blogging-2d72c
[debug] [2023-05-02T15:14:55.045Z] > refreshing access token with scopes: []
[debug] [2023-05-02T15:14:55.046Z] >>> [apiv2][query] POST https://www.googleapis.com/oauth2/v3/token [none]
[debug] [2023-05-02T15:14:55.046Z] >>> [apiv2][body] POST https://www.googleapis.com/oauth2/v3/token [omitted]
[debug] [2023-05-02T15:14:55.380Z] <<< [apiv2][status] POST https://www.googleapis.com/oauth2/v3/token 200
[debug] [2023-05-02T15:14:55.380Z] <<< [apiv2][body] POST https://www.googleapis.com/oauth2/v3/token [omitted]
[debug] [2023-05-02T15:14:55.393Z] >>> [apiv2][query] GET https://firebase.googleapis.com/v1beta1/projects/my-blogging-2d72c [none]
[debug] [2023-05-02T15:14:55.931Z] <<< [apiv2][status] GET https://firebase.googleapis.com/v1beta1/projects/my-blogging-2d72c 200
[debug] [2023-05-02T15:14:55.931Z] <<< [apiv2][body] GET https://firebase.googleapis.com/v1beta1/projects/my-blogging-2d72c {"projectId":"my-blogging-2d72c","projectNumber":"362047302032","displayName":"my-blogging","name":"projects/my-blogging-2d72c","resources":{"hostingSite":"my-blogging-2d72c","storageBucket":"my-blogging-2d72c.appspot.com","locationId":"asia-east1"},"state":"ACTIVE","etag":"1_85722476-598c-42d6-910a-2a69c691579c"}
[info] i  Using project my-blogging-2d72c (my-blogging) 
[info] 
=== Hosting Setup
[info] 
[info] Your public directory is the folder (relative to your project directory) that
[info] will contain Hosting assets to be uploaded with firebase deploy. If you
[info] have a build process for your assets, use your build's output directory.
[info] 
[info] +  Wrote build/404.html 
[debug] [2023-05-02T15:15:09.139Z] >>> [apiv2][query] GET https://www.gstatic.com/firebasejs/releases.json [none]
[debug] [2023-05-02T15:15:09.418Z] <<< [apiv2][status] GET https://www.gstatic.com/firebasejs/releases.json 200
[debug] [2023-05-02T15:15:09.418Z] <<< [apiv2][body] GET https://www.gstatic.com/firebasejs/releases.json {"current":{"version":"9.21.0","browserURL":"https://www.gstatic.com/firebasejs/9.21.0/firebase.js","packageURL":"https://www.gstatic.com/firebasejs/9.21.0/firebase.tgz"},"live":{"version":"9.21","browserURL":"https://www.gstatic.com/firebasejs/live/9.21/firebase.js","packageURL":"https://www.gstatic.com/firebasejs/live/9.21/firebase.tgz"},"components":{"analytics":"https://www.gstatic.com/firebasejs/9.21.0/firebase-analytics.js","app":"https://www.gstatic.com/firebasejs/9.21.0/firebase-app.js","app-check":"https://www.gstatic.com/firebasejs/9.21.0/firebase-app-check.js","auth":"https://www.gstatic.com/firebasejs/9.21.0/firebase-auth.js","auth/cordova":"https://www.gstatic.com/firebasejs/9.21.0/firebase-auth/cordova.js","auth/react-native":"https://www.gstatic.com/firebasejs/9.21.0/firebase-auth/react-native.js","functions":"https://www.gstatic.com/firebasejs/9.21.0/firebase-functions.js","firestore":"https://www.gstatic.com/firebasejs/9.21.0/firebase-firestore.js","firestore/lite":"https://www.gstatic.com/firebasejs/9.21.0/firebase-firestore/lite.js","installations":"https://www.gstatic.com/firebasejs/9.21.0/firebase-installations.js","storage":"https://www.gstatic.com/firebasejs/9.21.0/firebase-storage.js","performance":"https://www.gstatic.com/firebasejs/9.21.0/firebase-performance.js","remote-config":"https://www.gstatic.com/firebasejs/9.21.0/firebase-remote-config.js","messaging":"https://www.gstatic.com/firebasejs/9.21.0/firebase-messaging.js","messaging/sw":"https://www.gstatic.com/firebasejs/9.21.0/firebase-messaging/sw.js","database":"https://www.gstatic.com/firebasejs/9.21.0/firebase-database.js","firestore.memory":"https://www.gstatic.com/firebasejs/9.21.0/firebase-firestore.memory.js"}}
[info] +  Wrote build/index.html 
[info] 
[info] i  Detected a .git folder at D:\reactjs\blogging 
[info] i  Authorizing with GitHub to upload your service account to a GitHub repository's secrets store. 
[info] 
[info] Visit this URL on this device to log in:
[info] https://github.com/login/oauth/authorize?client_id=89cf50f02ac6aaed3484&state=189890760&redirect_uri=http%3A%2F%2Flocalhost%3A9005&scope=read%3Auser%20repo%20public_repo
[info] 
[info] Waiting for authentication...
[debug] [2023-05-02T15:16:20.478Z] >>> [apiv2][query] POST https://github.com/login/oauth/access_token [none]
[debug] [2023-05-02T15:16:20.478Z] >>> [apiv2][body] POST https://github.com/login/oauth/access_token [stream]
[debug] [2023-05-02T15:16:21.083Z] <<< [apiv2][status] POST https://github.com/login/oauth/access_token 200
[debug] [2023-05-02T15:16:21.083Z] <<< [apiv2][body] POST https://github.com/login/oauth/access_token {"access_token":"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","token_type":"bearer","scope":"read:user,repo"}
[debug] [2023-05-02T15:16:21.089Z] >>> [apiv2][query] GET https://api.github.com/user [none]
[debug] [2023-05-02T15:16:21.768Z] <<< [apiv2][status] GET https://api.github.com/user 200
[debug] [2023-05-02T15:16:21.768Z] <<< [apiv2][body] GET https://api.github.com/user {"login":"ThaiNguyennd","id":90166583,"node_id":"MDQ6VXNlcjkwMTY2NTgz","avatar_url":"https://avatars.githubusercontent.com/u/90166583?v=4","gravatar_id":"","url":"https://api.github.com/users/ThaiNguyennd","html_url":"https://github.com/ThaiNguyennd","followers_url":"https://api.github.com/users/ThaiNguyennd/followers","following_url":"https://api.github.com/users/ThaiNguyennd/following{/other_user}","gists_url":"https://api.github.com/users/ThaiNguyennd/gists{/gist_id}","starred_url":"https://api.github.com/users/ThaiNguyennd/starred{/owner}{/repo}","subscriptions_url":"https://api.github.com/users/ThaiNguyennd/subscriptions","organizations_url":"https://api.github.com/users/ThaiNguyennd/orgs","repos_url":"https://api.github.com/users/ThaiNguyennd/repos","events_url":"https://api.github.com/users/ThaiNguyennd/events{/privacy}","received_events_url":"https://api.github.com/users/ThaiNguyennd/received_events","type":"User","site_admin":false,"name":null,"company":null,"blog":"","location":null,"email":null,"hireable":null,"bio":null,"twitter_username":null,"public_repos":10,"public_gists":0,"followers":1,"following":0,"created_at":"2021-09-06T02:47:10Z","updated_at":"2023-02-10T10:07:35Z","private_gists":0,"total_private_repos":0,"owned_private_repos":0,"disk_usage":9712,"collaborators":0,"two_factor_authentication":false,"plan":{"name":"free","space":976562499,"collaborators":0,"private_repos":10000}}
[info] 
[info] +  Success! Logged into GitHub as ThaiNguyennd 
[info] 
[debug] [2023-05-02T15:18:55.134Z] >>> [apiv2][query] GET https://api.github.com/repos/ThaiNguyennd/actions/secrets/public-key type=owner
[debug] [2023-05-02T15:18:55.138Z] >>> [apiv2][query] GET https://api.github.com/repos///actions/secrets/public-key type=owner
[debug] [2023-05-02T15:18:55.143Z] >>> [apiv2][query] GET https://api.github.com/repos/Bloging/actions/secrets/public-key type=owner
[debug] [2023-05-02T15:18:55.705Z] <<< [apiv2][status] GET https://api.github.com/repos///actions/secrets/public-key 404
[debug] [2023-05-02T15:18:55.705Z] <<< [apiv2][body] GET https://api.github.com/repos///actions/secrets/public-key {"message":"Not Found","documentation_url":"https://docs.github.com/rest"}
[info] 
[info] 
[error] !  The provided authorization cannot be used with this repository. If this repository is in an organization, did you remember to grant access? 
[info] 
[info] i  Action required: Visit this URL to ensure access has been granted to the appropriate organization(s) for the Firebase CLI GitHub OAuth App: 
[info] https://github.com/settings/connections/applications/89cf50f02ac6aaed3484
[info] 
[debug] [2023-05-02T15:18:55.713Z] <<< [apiv2][status] GET https://api.github.com/repos/ThaiNguyennd/actions/secrets/public-key 404
[debug] [2023-05-02T15:18:55.713Z] <<< [apiv2][body] GET https://api.github.com/repos/ThaiNguyennd/actions/secrets/public-key {"message":"Not Found","documentation_url":"https://docs.github.com/rest"}
[info] 
[info] 
[error] !  The provided authorization cannot be used with this repository. If this repository is in an organization, did you remember to grant access? 
[info] 
[info] i  Action required: Visit this URL to ensure access has been granted to the appropriate organization(s) for the Firebase CLI GitHub OAuth App: 
[info] https://github.com/settings/connections/applications/89cf50f02ac6aaed3484
[info] 
[debug] [2023-05-02T15:18:55.717Z] <<< [apiv2][status] GET https://api.github.com/repos/Bloging/actions/secrets/public-key 404
[debug] [2023-05-02T15:18:55.718Z] <<< [apiv2][body] GET https://api.github.com/repos/Bloging/actions/secrets/public-key {"message":"Not Found","documentation_url":"https://docs.github.com/rest"}
[info] 
[info] 
[error] !  The provided authorization cannot be used with this repository. If this repository is in an organization, did you remember to grant access? 
[info] 
[info] i  Action required: Visit this URL to ensure access has been granted to the appropriate organization(s) for the Firebase CLI GitHub OAuth App: 
[info] https://github.com/settings/connections/applications/89cf50f02ac6aaed3484
[info] 
[debug] [2023-05-02T15:19:05.724Z] >>> [apiv2][query] GET https://api.github.com/repos//ThaiNguyennd/Bloging/actions/secrets/public-key type=owner
[debug] [2023-05-02T15:19:06.156Z] <<< [apiv2][status] GET https://api.github.com/repos//ThaiNguyennd/Bloging/actions/secrets/public-key 404
[debug] [2023-05-02T15:19:06.157Z] <<< [apiv2][body] GET https://api.github.com/repos//ThaiNguyennd/Bloging/actions/secrets/public-key {"message":"Not Found","documentation_url":"https://docs.github.com/rest"}
[info] 
[info] 
[error] !  The provided authorization cannot be used with this repository. If this repository is in an organization, did you remember to grant access? 
[info] 
[info] i  Action required: Visit this URL to ensure access has been granted to the appropriate organization(s) for the Firebase CLI GitHub OAuth App: 
[info] https://github.com/settings/connections/applications/89cf50f02ac6aaed3484
[info] 
[debug] [2023-05-02T15:19:07.880Z] >>> [apiv2][query] GET https://api.github.com/repos//ThaiNguyennd/Bloging/actions/secrets/public-key type=owner
[debug] [2023-05-02T15:19:08.354Z] <<< [apiv2][status] GET https://api.github.com/repos//ThaiNguyennd/Bloging/actions/secrets/public-key 404
[debug] [2023-05-02T15:19:08.354Z] <<< [apiv2][body] GET https://api.github.com/repos//ThaiNguyennd/Bloging/actions/secrets/public-key {"message":"Not Found","documentation_url":"https://docs.github.com/rest"}
[info] 
[info] 
[error] !  The provided authorization cannot be used with this repository. If this repository is in an organization, did you remember to grant access? 
[info] 
[info] i  Action required: Visit this URL to ensure access has been granted to the appropriate organization(s) for the Firebase CLI GitHub OAuth App: 
[info] https://github.com/settings/connections/applications/89cf50f02ac6aaed3484
[info] 
[debug] [2023-05-02T15:19:28.308Z] >>> [apiv2][query] GET https://api.github.com/repos//ThaiNguyennd/Bloging/actions/secrets/public-key type=owner
[debug] [2023-05-02T15:19:28.744Z] <<< [apiv2][status] GET https://api.github.com/repos//ThaiNguyennd/Bloging/actions/secrets/public-key 401
[debug] [2023-05-02T15:19:28.744Z] <<< [apiv2][body] GET https://api.github.com/repos//ThaiNguyennd/Bloging/actions/secrets/public-key {"message":"Bad credentials","documentation_url":"https://docs.github.com/rest"}
[debug] [2023-05-02T15:19:30.778Z] >>> [apiv2][query] GET https://api.github.com/repos//ThaiNguyennd/Bloging/actions/secrets/public-key type=owner
[debug] [2023-05-02T15:19:31.224Z] <<< [apiv2][status] GET https://api.github.com/repos//ThaiNguyennd/Bloging/actions/secrets/public-key 401
[debug] [2023-05-02T15:19:31.224Z] <<< [apiv2][body] GET https://api.github.com/repos//ThaiNguyennd/Bloging/actions/secrets/public-key {"message":"Bad credentials","documentation_url":"https://docs.github.com/rest"}
[debug] [2023-05-02T15:21:42.561Z] >>> [apiv2][query] GET https://api.github.com/repos/ThaiNguyennd/Bloging/actions/secrets/public-key type=owner
[debug] [2023-05-02T15:21:43.108Z] <<< [apiv2][status] GET https://api.github.com/repos/ThaiNguyennd/Bloging/actions/secrets/public-key 401
[debug] [2023-05-02T15:21:43.108Z] <<< [apiv2][body] GET https://api.github.com/repos/ThaiNguyennd/Bloging/actions/secrets/public-key {"message":"Bad credentials","documentation_url":"https://docs.github.com/rest"}
[debug] [2023-05-02T15:21:43.714Z] >>> [apiv2][query] GET https://api.github.com/repos/ThaiNguyennd/Bloging/actions/secrets/public-key type=owner
[debug] [2023-05-02T15:21:44.091Z] >>> [apiv2][query] GET https://api.github.com/repos//actions/secrets/public-key type=owner
[debug] [2023-05-02T15:21:44.157Z] <<< [apiv2][status] GET https://api.github.com/repos/ThaiNguyennd/Bloging/actions/secrets/public-key 401
[debug] [2023-05-02T15:21:44.157Z] <<< [apiv2][body] GET https://api.github.com/repos/ThaiNguyennd/Bloging/actions/secrets/public-key {"message":"Bad credentials","documentation_url":"https://docs.github.com/rest"}
[debug] [2023-05-02T15:21:44.271Z] >>> [apiv2][query] GET https://api.github.com/repos/ThaiNguyennd/Bloging/actions/secrets/public-key type=owner
[debug] [2023-05-02T15:21:44.440Z] >>> [apiv2][query] GET https://api.github.com/repos//actions/secrets/public-key type=owner
[debug] [2023-05-02T15:21:44.542Z] <<< [apiv2][status] GET https://api.github.com/repos//actions/secrets/public-key 401
[debug] [2023-05-02T15:21:44.542Z] <<< [apiv2][body] GET https://api.github.com/repos//actions/secrets/public-key {"message":"Bad credentials","documentation_url":"https://docs.github.com/rest"}
[debug] [2023-05-02T15:21:44.734Z] <<< [apiv2][status] GET https://api.github.com/repos/ThaiNguyennd/Bloging/actions/secrets/public-key 401
[debug] [2023-05-02T15:21:44.734Z] <<< [apiv2][body] GET https://api.github.com/repos/ThaiNguyennd/Bloging/actions/secrets/public-key {"message":"Bad credentials","documentation_url":"https://docs.github.com/rest"}
[debug] [2023-05-02T15:21:44.880Z] <<< [apiv2][status] GET https://api.github.com/repos//actions/secrets/public-key 401
[debug] [2023-05-02T15:21:44.880Z] <<< [apiv2][body] GET https://api.github.com/repos//actions/secrets/public-key {"message":"Bad credentials","documentation_url":"https://docs.github.com/rest"}
